<?xml version="1.0" encoding="utf-8"?><testsuites name="pytest tests"><testsuite name="pytest" errors="0" failures="0" skipped="0" tests="11" time="23.005" timestamp="2026-01-27T04:59:16.249801+00:00" hostname="agent-env-5a2e77b5-9102-410d-861e-7f185cc00daa"><testcase classname="backend.tests.test_dashboard_apis.TestHealthCheck" name="test_health_endpoint" time="0.746" /><testcase classname="backend.tests.test_dashboard_apis.TestClientDashboard" name="test_client_dashboard_stats" time="3.133" /><testcase classname="backend.tests.test_dashboard_apis.TestClientDashboard" name="test_client_appointments" time="1.999" /><testcase classname="backend.tests.test_dashboard_apis.TestClientDashboard" name="test_client_provider" time="1.508" /><testcase classname="backend.tests.test_dashboard_apis.TestProviderDashboard" name="test_provider_dashboard_stats" time="2.487" /><testcase classname="backend.tests.test_dashboard_apis.TestProviderDashboard" name="test_provider_appointments" time="2.354" /><testcase classname="backend.tests.test_dashboard_apis.TestProviderDashboard" name="test_provider_clients" time="2.891" /><testcase classname="backend.tests.test_dashboard_apis.TestMessagesAPI" name="test_get_messages" time="1.819" /><testcase classname="backend.tests.test_dashboard_apis.TestBillingAPI" name="test_get_invoices" time="1.679" /><testcase classname="backend.tests.test_dashboard_apis.TestAppointmentBooking" name="test_get_providers_list" time="1.998" /><testcase classname="backend.tests.test_dashboard_apis.TestAppointmentBooking" name="test_create_appointment" time="2.023" /></testsuite></testsuites>