<?xml version="1.0" encoding="utf-8"?><testsuites name="pytest tests"><testsuite name="pytest" errors="0" failures="1" skipped="0" tests="10" time="15.045" timestamp="2026-01-27T04:10:44.038504+00:00" hostname="agent-env-5a2e77b5-9102-410d-861e-7f185cc00daa"><testcase classname="backend.tests.test_auth.TestHealthCheck" name="test_health_endpoint" time="0.709" /><testcase classname="backend.tests.test_auth.TestClientRegistration" name="test_register_client_success" time="1.497" /><testcase classname="backend.tests.test_auth.TestClientRegistration" name="test_register_duplicate_email" time="2.152" /><testcase classname="backend.tests.test_auth.TestProviderRegistration" name="test_register_provider_success" time="1.286" /><testcase classname="backend.tests.test_auth.TestLogin" name="test_login_success" time="2.367" /><testcase classname="backend.tests.test_auth.TestLogin" name="test_login_invalid_password" time="2.280" /><testcase classname="backend.tests.test_auth.TestLogin" name="test_login_nonexistent_user" time="0.596" /><testcase classname="backend.tests.test_auth.TestAuthenticatedEndpoints" name="test_get_me_with_valid_token" time="2.285" /><testcase classname="backend.tests.test_auth.TestAuthenticatedEndpoints" name="test_get_me_without_token" time="0.692"><failure message="assert 403 == 401&#10; +  where 403 = &lt;Response [403]&gt;.status_code">backend/tests/test_auth.py:232: in test_get_me_without_token
    assert response.status_code == 401
E   assert 403 == 401
E    +  where 403 = &lt;Response [403]&gt;.status_code</failure></testcase><testcase classname="backend.tests.test_auth.TestAuthenticatedEndpoints" name="test_get_me_with_invalid_token" time="0.499" /></testsuite></testsuites>