<?xml version="1.0" encoding="utf-8"?><testsuites name="pytest tests"><testsuite name="pytest" errors="0" failures="0" skipped="0" tests="10" time="11.503" timestamp="2026-01-27T04:11:24.950438+00:00" hostname="agent-env-5a2e77b5-9102-410d-861e-7f185cc00daa"><testcase classname="backend.tests.test_auth.TestHealthCheck" name="test_health_endpoint" time="0.548" /><testcase classname="backend.tests.test_auth.TestClientRegistration" name="test_register_client_success" time="1.013" /><testcase classname="backend.tests.test_auth.TestClientRegistration" name="test_register_duplicate_email" time="1.733" /><testcase classname="backend.tests.test_auth.TestProviderRegistration" name="test_register_provider_success" time="0.923" /><testcase classname="backend.tests.test_auth.TestLogin" name="test_login_success" time="1.882" /><testcase classname="backend.tests.test_auth.TestLogin" name="test_login_invalid_password" time="2.117" /><testcase classname="backend.tests.test_auth.TestLogin" name="test_login_nonexistent_user" time="0.696" /><testcase classname="backend.tests.test_auth.TestAuthenticatedEndpoints" name="test_get_me_with_valid_token" time="1.270" /><testcase classname="backend.tests.test_auth.TestAuthenticatedEndpoints" name="test_get_me_without_token" time="0.505" /><testcase classname="backend.tests.test_auth.TestAuthenticatedEndpoints" name="test_get_me_with_invalid_token" time="0.415" /></testsuite></testsuites>